app/build/outputs/logs/manifest-merger-debug-report.txt
-- Merging decision tree log ---
manifest
ADDED from src/main/AndroidManifest.xml:2:1-220:12
INJECTED from src/main/AndroidManifest.xml:2:1-220:12
INJECTED from src/main/AndroidManifest.xml:2:1-220:12
INJECTED from src/main/AndroidManifest.xml:2:1-220:12
MERGED from [com.google.android.material:material:1.8.0] AndroidManifest.xml:17:1-26:12
MERGED from [androidx.constraintlayout:constraintlayout:2.1.4] AndroidManifest.xml:2:1-11:12
MERGED from [androidx.appcompat:appcompat-resources:1.6.1] AndroidManifest.xml:17:1-22:12
MERGED from [androidx.appcompat:appcompat:1.6.1] AndroidManifest.xml:17:1-22:12
MERGED from [androidx.swiperefreshlayout:swiperefreshlayout:1.1.0] AndroidManifest.xml:17:1-24:12
MERGED from [androidx.cardview:cardview:1.0.0] AndroidManifest.xml:17:1-22:12
MERGED from [com.journeyapps:zxing-android-embedded:4.3.0] AndroidManifest.xml:17:1-56:12
MERGED from [com.github.bumptech.glide:glide:4.16.0] AndroidManifest.xml:2:1-9:12
MERGED from [com.github.PhilJay:MPAndroidChart:v3.1.0] AndroidManifest.xml:2:1-20:12
MERGED from [androidx.exifinterface:exifinterface:1.3.6] AndroidManifest.xml:17:1-24:12
MERGED from [androidx.viewpager2:viewpager2:1.0.0] AndroidManifest.xml:17:1-24:12
MERGED from [androidx.fragment:fragment:1.3.6] AndroidManifest.xml:17:1-24:12
MERGED from [androidx.activity:activity:1.6.0] AndroidManifest.xml:17:1-22:12
MERGED from [androidx.emoji2:emoji2-views-helper:1.2.0] AndroidManifest.xml:2:1-7:12
MERGED from [androidx.emoji2:emoji2:1.2.0] AndroidManifest.xml:17:1-35:12
MERGED from [androidx.drawerlayout:drawerlayout:1.1.1] AndroidManifest.xml:17:1-24:12
MERGED from [androidx.coordinatorlayout:coordinatorlayout:1.1.0] AndroidManifest.xml:17:1-24:12
MERGED from [androidx.dynamicanimation:dynamicanimation:1.0.0] AndroidManifest.xml:17:1-22:12
MERGED from [androidx.transition:transition:1.2.0] AndroidManifest.xml:17:1-24:12
MERGED from [androidx.vectordrawable:vectordrawable-animated:1.1.0] AndroidManifest.xml:17:1-24:12
MERGED from [androidx.vectordrawable:vectordrawable:1.1.0] AndroidManifest.xml:17:1-24:12
MERGED from [androidx.legacy:legacy-support-core-utils:1.0.0] AndroidManifest.xml:17:1-22:12
MERGED from [androidx.loader:loader:1.0.0] AndroidManifest.xml:17:1-22:12
MERGED from [androidx.lifecycle:lifecycle-viewmodel:2.5.1] AndroidManifest.xml:17:1-24:12
MERGED from [androidx.lifecycle:lifecycle-viewmodel-savedstate:2.5.1] AndroidManifest.xml:17:1-24:12
MERGED from [androidx.core:core-ktx:1.9.0] AndroidManifest.xml:2:1-7:12
MERGED from [androidx.viewpager:viewpager:1.0.0] AndroidManifest.xml:17:1-22:12
MERGED from [androidx.recyclerview:recyclerview:1.1.0] AndroidManifest.xml:17:1-24:12
MERGED from [androidx.customview:customview:1.1.0] AndroidManifest.xml:17:1-24:12
MERGED from [androidx.core:core:1.9.0] AndroidManifest.xml:17:1-30:12
MERGED from [androidx.cursoradapter:cursoradapter:1.0.0] AndroidManifest.xml:17:1-22:12
MERGED from [androidx.lifecycle:lifecycle-process:2.4.1] AndroidManifest.xml:17:1-37:12
MERGED from [androidx.lifecycle:lifecycle-runtime:2.5.1] AndroidManifest.xml:17:1-24:12
MERGED from [androidx.savedstate:savedstate:1.2.0] AndroidManifest.xml:17:1-24:12
MERGED from [androidx.interpolator:interpolator:1.0.0] AndroidManifest.xml:17:1-22:12
MERGED from [com.github.bumptech.glide:gifdecoder:4.16.0] AndroidManifest.xml:2:1-9:12
MERGED from [androidx.startup:startup-runtime:1.1.1] AndroidManifest.xml:17:1-33:12
MERGED from [androidx.tracing:tracing:1.0.0] AndroidManifest.xml:17:1-24:12
MERGED from [androidx.versionedparcelable:versionedparcelable:1.1.1] AndroidManifest.xml:17:1-27:12
MERGED from [androidx.lifecycle:lifecycle-livedata:2.0.0] AndroidManifest.xml:17:1-22:12
MERGED from [androidx.lifecycle:lifecycle-livedata-core:2.5.1] AndroidManifest.xml:17:1-24:12
MERGED from [androidx.arch.core:core-runtime:2.1.0] AndroidManifest.xml:17:1-24:12
MERGED from [androidx.documentfile:documentfile:1.0.0] AndroidManifest.xml:17:1-22:12
MERGED from [androidx.localbroadcastmanager:localbroadcastmanager:1.0.0] AndroidManifest.xml:17:1-22:12
MERGED from [androidx.print:print:1.0.0] AndroidManifest.xml:17:1-22:12
MERGED from [androidx.annotation:annotation-experimental:1.3.0] AndroidManifest.xml:17:1-22:12
	package
		INJECTED from src/main/AndroidManifest.xml
	android:versionName
		INJECTED from src/main/AndroidManifest.xml
	xmlns:tools
		ADDED from src/main/AndroidManifest.xml:3:5-51
	android:versionCode
		INJECTED from src/main/AndroidManifest.xml
	xmlns:android
		ADDED from src/main/AndroidManifest.xml:2:11-69
uses-feature#android.hardware.camera
ADDED from src/main/AndroidManifest.xml:5:5-7:36
MERGED from [com.journeyapps:zxing-android-embedded:4.3.0] AndroidManifest.xml:25:5-27:36
MERGED from [com.journeyapps:zxing-android-embedded:4.3.0] AndroidManifest.xml:25:5-27:36
	android:required
		ADDED from src/main/AndroidManifest.xml:7:9-33
	android:name
		ADDED from src/main/AndroidManifest.xml:6:9-47
uses-feature#android.hardware.camera.autofocus
ADDED from src/main/AndroidManifest.xml:8:5-70
MERGED from [com.journeyapps:zxing-android-embedded:4.3.0] AndroidManifest.xml:33:5-35:36
MERGED from [com.journeyapps:zxing-android-embedded:4.3.0] AndroidManifest.xml:33:5-35:36
	android:name
		ADDED from src/main/AndroidManifest.xml:8:19-67
uses-permission#android.permission.CAMERA
ADDED from src/main/AndroidManifest.xml:10:5-65
MERGED from [com.journeyapps:zxing-android-embedded:4.3.0] AndroidManifest.xml:22:5-65
MERGED from [com.journeyapps:zxing-android-embedded:4.3.0] AndroidManifest.xml:22:5-65
	android:name
		ADDED from src/main/AndroidManifest.xml:10:22-62
uses-permission#android.permission.READ_EXTERNAL_STORAGE
ADDED from src/main/AndroidManifest.xml:11:5-80
	android:name
		ADDED from src/main/AndroidManifest.xml:11:22-77
uses-permission#android.permission.WRITE_EXTERNAL_STORAGE
ADDED from src/main/AndroidManifest.xml:12:5-81
	android:name
		ADDED from src/main/AndroidManifest.xml:12:22-78
uses-permission#android.permission.INTERNET
ADDED from src/main/AndroidManifest.xml:13:5-67
	android:name
		ADDED from src/main/AndroidManifest.xml:13:22-64
queries
ADDED from src/main/AndroidManifest.xml:15:5-21:15
intent#action:name:android.intent.action.VIEW+category:name:android.intent.category.BROWSABLE+data:mimeType:text/html
ADDED from src/main/AndroidManifest.xml:16:9-20:18
action#android.intent.action.VIEW
ADDED from src/main/AndroidManifest.xml:17:13-65
	android:name
		ADDED from src/main/AndroidManifest.xml:17:21-62
data
ADDED from src/main/AndroidManifest.xml:18:13-50
	android:mimeType
		ADDED from src/main/AndroidManifest.xml:18:19-47
category#android.intent.category.BROWSABLE
ADDED from src/main/AndroidManifest.xml:19:13-74
	android:name
		ADDED from src/main/AndroidManifest.xml:19:23-71
application
ADDED from src/main/AndroidManifest.xml:23:5-218:19
INJECTED from src/main/AndroidManifest.xml:23:5-218:19
MERGED from [com.google.android.material:material:1.8.0] AndroidManifest.xml:24:5-20
MERGED from [com.google.android.material:material:1.8.0] AndroidManifest.xml:24:5-20
MERGED from [androidx.constraintlayout:constraintlayout:2.1.4] AndroidManifest.xml:9:5-20
MERGED from [androidx.constraintlayout:constraintlayout:2.1.4] AndroidManifest.xml:9:5-20
MERGED from [com.journeyapps:zxing-android-embedded:4.3.0] AndroidManifest.xml:46:5-54:19
MERGED from [com.journeyapps:zxing-android-embedded:4.3.0] AndroidManifest.xml:46:5-54:19
MERGED from [androidx.emoji2:emoji2:1.2.0] AndroidManifest.xml:23:5-33:19
MERGED from [androidx.emoji2:emoji2:1.2.0] AndroidManifest.xml:23:5-33:19
MERGED from [androidx.core:core:1.9.0] AndroidManifest.xml:28:5-89
MERGED from [androidx.core:core:1.9.0] AndroidManifest.xml:28:5-89
MERGED from [androidx.lifecycle:lifecycle-process:2.4.1] AndroidManifest.xml:25:5-35:19
MERGED from [androidx.lifecycle:lifecycle-process:2.4.1] AndroidManifest.xml:25:5-35:19
MERGED from [androidx.startup:startup-runtime:1.1.1] AndroidManifest.xml:25:5-31:19
MERGED from [androidx.startup:startup-runtime:1.1.1] AndroidManifest.xml:25:5-31:19
MERGED from [androidx.versionedparcelable:versionedparcelable:1.1.1] AndroidManifest.xml:24:5-25:19
MERGED from [androidx.versionedparcelable:versionedparcelable:1.1.1] AndroidManifest.xml:24:5-25:19
	android:extractNativeLibs
		INJECTED from src/main/AndroidManifest.xml
	android:appComponentFactory
		ADDED from [androidx.core:core:1.9.0] AndroidManifest.xml:28:18-86
	android:supportsRtl
		ADDED from src/main/AndroidManifest.xml:32:9-35
	android:label
		ADDED from src/main/AndroidManifest.xml:29:9-41
	android:fullBackupContent
		ADDED from src/main/AndroidManifest.xml:27:9-54
	android:roundIcon
		ADDED from src/main/AndroidManifest.xml:31:9-55
	tools:targetApi
		ADDED from src/main/AndroidManifest.xml:34:9-29
	android:icon
		ADDED from src/main/AndroidManifest.xml:28:9-44
	android:allowBackup
		ADDED from src/main/AndroidManifest.xml:25:9-35
	android:theme
		ADDED from src/main/AndroidManifest.xml:33:9-46
	android:networkSecurityConfig
		ADDED from src/main/AndroidManifest.xml:30:9-69
	android:dataExtractionRules
		ADDED from src/main/AndroidManifest.xml:26:9-65
	android:usesCleartextTraffic
		ADDED from src/main/AndroidManifest.xml:24:9-44
activity#com.example.brokerfi.xc.AboutActivity
ADDED from src/main/AndroidManifest.xml:35:9-37:40
	android:exported
		ADDED from src/main/AndroidManifest.xml:37:13-37
	android:name
		ADDED from src/main/AndroidManifest.xml:36:13-45
activity#com.example.brokerfi.xc.NotificationActivity
ADDED from src/main/AndroidManifest.xml:38:9-40:40
	android:exported
		ADDED from src/main/AndroidManifest.xml:40:13-37
	android:name
		ADDED from src/main/AndroidManifest.xml:39:13-52
activity#com.example.brokerfi.xc.AtvActivity
ADDED from src/main/AndroidManifest.xml:41:9-43:40
	android:exported
		ADDED from src/main/AndroidManifest.xml:43:13-37
	android:name
		ADDED from src/main/AndroidManifest.xml:42:13-43
activity#com.example.brokerfi.xc.WithdrawActivity
ADDED from src/main/AndroidManifest.xml:44:9-46:40
	android:exported
		ADDED from src/main/AndroidManifest.xml:46:13-37
	android:name
		ADDED from src/main/AndroidManifest.xml:45:13-48
activity#com.example.brokerfi.xc.NewsActivity
ADDED from src/main/AndroidManifest.xml:47:9-49:40
	android:exported
		ADDED from src/main/AndroidManifest.xml:49:13-37
	android:name
		ADDED from src/main/AndroidManifest.xml:48:13-44
activity#com.example.brokerfi.xc.EmulatorActivity
ADDED from src/main/AndroidManifest.xml:50:9-52:40
	android:exported
		ADDED from src/main/AndroidManifest.xml:52:13-37
	android:name
		ADDED from src/main/AndroidManifest.xml:51:13-48
activity#com.example.brokerfi.xc.StakeMoreActivity
ADDED from src/main/AndroidManifest.xml:53:9-55:40
	android:exported
		ADDED from src/main/AndroidManifest.xml:55:13-37
	android:name
		ADDED from src/main/AndroidManifest.xml:54:13-49
activity#com.example.brokerfi.xc.BrokerActivity
ADDED from src/main/AndroidManifest.xml:56:9-58:40
	android:exported
		ADDED from src/main/AndroidManifest.xml:58:13-37
	android:name
		ADDED from src/main/AndroidManifest.xml:57:13-46
activity#com.example.brokerfi.xc.AfterBrokerActivity
ADDED from src/main/AndroidManifest.xml:59:9-61:40
	android:exported
		ADDED from src/main/AndroidManifest.xml:61:13-37
	android:name
		ADDED from src/main/AndroidManifest.xml:60:13-51
activity#com.example.brokerfi.xc.QRCode.Capture
ADDED from src/main/AndroidManifest.xml:62:9-66:57
	android:screenOrientation
		ADDED from src/main/AndroidManifest.xml:64:13-49
	android:stateNotNeeded
		ADDED from src/main/AndroidManifest.xml:65:13-42
	android:theme
		ADDED from src/main/AndroidManifest.xml:66:13-54
	android:name
		ADDED from src/main/AndroidManifest.xml:63:13-46
activity#com.example.brokerfi.xc.MainActivity
ADDED from src/main/AndroidManifest.xml:67:9-69:40
	android:exported
		ADDED from src/main/AndroidManifest.xml:69:13-37
	android:name
		ADDED from src/main/AndroidManifest.xml:68:13-44
activity#com.example.brokerfi.xc.NFTMainActivity
ADDED from src/main/AndroidManifest.xml:70:9-72:40
	android:exported
		ADDED from src/main/AndroidManifest.xml:72:13-37
	android:name
		ADDED from src/main/AndroidManifest.xml:71:13-47
activity#com.example.brokerfi.xc.MintActivity
ADDED from src/main/AndroidManifest.xml:73:9-75:40
	android:exported
		ADDED from src/main/AndroidManifest.xml:75:13-37
	android:name
		ADDED from src/main/AndroidManifest.xml:74:13-44
activity#com.example.brokerfi.xc.MyNFTsActivity
ADDED from src/main/AndroidManifest.xml:76:9-78:40
	android:exported
		ADDED from src/main/AndroidManifest.xml:78:13-37
	android:name
		ADDED from src/main/AndroidManifest.xml:77:13-46
activity#com.example.brokerfi.xc.BuyNFTsActivity
ADDED from src/main/AndroidManifest.xml:79:9-81:40
	android:exported
		ADDED from src/main/AndroidManifest.xml:81:13-37
	android:name
		ADDED from src/main/AndroidManifest.xml:80:13-47
activity#com.example.brokerfi.xc.CongratulationsMintActivity
ADDED from src/main/AndroidManifest.xml:82:9-84:40
	android:exported
		ADDED from src/main/AndroidManifest.xml:84:13-37
	android:name
		ADDED from src/main/AndroidManifest.xml:83:13-59
activity#com.example.brokerfi.xc.MyAccountActivity
ADDED from src/main/AndroidManifest.xml:85:9-87:40
	android:exported
		ADDED from src/main/AndroidManifest.xml:87:13-37
	android:name
		ADDED from src/main/AndroidManifest.xml:86:13-49
activity#com.example.brokerfi.xc.BeforeShowPrKeyActivity
ADDED from src/main/AndroidManifest.xml:88:9-90:40
	android:exported
		ADDED from src/main/AndroidManifest.xml:90:13-37
	android:name
		ADDED from src/main/AndroidManifest.xml:89:13-55
activity#com.example.brokerfi.xc.AddAccountActivity
ADDED from src/main/AndroidManifest.xml:91:9-93:40
	android:exported
		ADDED from src/main/AndroidManifest.xml:93:13-37
	android:name
		ADDED from src/main/AndroidManifest.xml:92:13-50
activity#com.example.brokerfi.xc.GenerateAccountActivity
ADDED from src/main/AndroidManifest.xml:94:9-96:40
	android:exported
		ADDED from src/main/AndroidManifest.xml:96:13-37
	android:name
		ADDED from src/main/AndroidManifest.xml:95:13-55
activity#com.example.brokerfi.xc.SelectAccountActivity
ADDED from src/main/AndroidManifest.xml:97:9-99:40
	android:exported
		ADDED from src/main/AndroidManifest.xml:99:13-37
	android:name
		ADDED from src/main/AndroidManifest.xml:98:13-53
activity#com.example.brokerfi.xc.ExportPrivateKeyActivity
ADDED from src/main/AndroidManifest.xml:100:9-102:40
	android:exported
		ADDED from src/main/AndroidManifest.xml:102:13-37
	android:name
		ADDED from src/main/AndroidManifest.xml:101:13-56
activity#com.example.brokerfi.xc.SettingActivity
ADDED from src/main/AndroidManifest.xml:103:9-105:40
	android:exported
		ADDED from src/main/AndroidManifest.xml:105:13-37
	android:name
		ADDED from src/main/AndroidManifest.xml:104:13-47
activity#com.example.brokerfi.xc.AddNetworkActivity
ADDED from src/main/AndroidManifest.xml:106:9-108:40
	android:exported
		ADDED from src/main/AndroidManifest.xml:108:13-37
	android:name
		ADDED from src/main/AndroidManifest.xml:107:13-50
activity#com.example.brokerfi.xc.SelectNetworkActivity
ADDED from src/main/AndroidManifest.xml:109:9-111:40
	android:exported
		ADDED from src/main/AndroidManifest.xml:111:13-37
	android:name
		ADDED from src/main/AndroidManifest.xml:110:13-53
activity#com.example.brokerfi.xc.ShowPrKryActivity
ADDED from src/main/AndroidManifest.xml:112:9-114:40
	android:exported
		ADDED from src/main/AndroidManifest.xml:114:13-37
	android:name
		ADDED from src/main/AndroidManifest.xml:113:13-49
activity#com.example.brokerfi.xc.SendActivity
ADDED from src/main/AndroidManifest.xml:115:9-117:40
	android:exported
		ADDED from src/main/AndroidManifest.xml:117:13-37
	android:name
		ADDED from src/main/AndroidManifest.xml:116:13-44
activity#com.example.brokerfi.xc.ReceiveActivity
ADDED from src/main/AndroidManifest.xml:118:9-120:40
	android:exported
		ADDED from src/main/AndroidManifest.xml:120:13-37
	android:name
		ADDED from src/main/AndroidManifest.xml:119:13-47
activity#com.example.brokerfi.xc.SwapActivity
ADDED from src/main/AndroidManifest.xml:121:9-123:40
	android:exported
		ADDED from src/main/AndroidManifest.xml:123:13-37
	android:name
		ADDED from src/main/AndroidManifest.xml:122:13-44
activity#com.example.brokerfi.xc.BuyActivity
ADDED from src/main/AndroidManifest.xml:124:9-126:40
	android:exported
		ADDED from src/main/AndroidManifest.xml:126:13-37
	android:name
		ADDED from src/main/AndroidManifest.xml:125:13-43
activity#com.example.brokerfi.xc.FaucetActivity
ADDED from src/main/AndroidManifest.xml:127:9-129:40
	android:exported
		ADDED from src/main/AndroidManifest.xml:129:13-37
	android:name
		ADDED from src/main/AndroidManifest.xml:128:13-46
activity#com.example.brokerfi.xc.ConvertActivity
ADDED from src/main/AndroidManifest.xml:130:9-132:40
	android:exported
		ADDED from src/main/AndroidManifest.xml:132:13-37
	android:name
		ADDED from src/main/AndroidManifest.xml:131:13-47
activity#com.example.brokerfi.xc.MenuActivity
ADDED from src/main/AndroidManifest.xml:133:9-135:40
	android:exported
		ADDED from src/main/AndroidManifest.xml:135:13-37
	android:name
		ADDED from src/main/AndroidManifest.xml:134:13-44
activity#com.example.brokerfi.xc.WelcomeBackActivity
ADDED from src/main/AndroidManifest.xml:136:9-138:40
	android:exported
		ADDED from src/main/AndroidManifest.xml:138:13-37
	android:name
		ADDED from src/main/AndroidManifest.xml:137:13-51
activity#com.example.brokerfi.xc.CongratulationsActivity
ADDED from src/main/AndroidManifest.xml:139:9-141:40
	android:exported
		ADDED from src/main/AndroidManifest.xml:141:13-37
	android:name
		ADDED from src/main/AndroidManifest.xml:140:13-55
activity#com.example.brokerfi.xc.ComfirmSecretActivity
ADDED from src/main/AndroidManifest.xml:142:9-144:40
	android:exported
		ADDED from src/main/AndroidManifest.xml:144:13-37
	android:name
		ADDED from src/main/AndroidManifest.xml:143:13-53
activity#com.example.brokerfi.xc.SecretPhraseActivity
ADDED from src/main/AndroidManifest.xml:145:9-147:40
	android:exported
		ADDED from src/main/AndroidManifest.xml:147:13-37
	android:name
		ADDED from src/main/AndroidManifest.xml:146:13-52
activity#com.example.brokerfi.xc.CreatePasswActivity
ADDED from src/main/AndroidManifest.xml:148:9-150:40
	android:exported
		ADDED from src/main/AndroidManifest.xml:150:13-37
	android:name
		ADDED from src/main/AndroidManifest.xml:149:13-51
activity#com.example.brokerfi.xc.ImportActivity
ADDED from src/main/AndroidManifest.xml:151:9-153:40
	android:exported
		ADDED from src/main/AndroidManifest.xml:153:13-37
	android:name
		ADDED from src/main/AndroidManifest.xml:152:13-46
activity#com.example.brokerfi.xc.agent.gold.ui.GoldNoteMarketActivity
ADDED from src/main/AndroidManifest.xml:154:9-156:40
	android:exported
		ADDED from src/main/AndroidManifest.xml:156:13-37
	android:name
		ADDED from src/main/AndroidManifest.xml:155:13-68
activity#com.example.brokerfi.xc.agent.gold.ui.GoldMarketDetailActivity
ADDED from src/main/AndroidManifest.xml:157:9-159:40
	android:exported
		ADDED from src/main/AndroidManifest.xml:159:13-37
	android:name
		ADDED from src/main/AndroidManifest.xml:158:13-70
activity#com.example.brokerfi.xc.agent.gold.ui.GoldCreateCustomActivity
ADDED from src/main/AndroidManifest.xml:160:9-162:40
	android:exported
		ADDED from src/main/AndroidManifest.xml:162:13-37
	android:name
		ADDED from src/main/AndroidManifest.xml:161:13-70
activity#com.example.brokerfi.xc.WelcomeActivity
ADDED from src/main/AndroidManifest.xml:163:9-171:20
	android:exported
		ADDED from src/main/AndroidManifest.xml:165:13-36
	android:name
		ADDED from src/main/AndroidManifest.xml:164:13-47
intent-filter#action:name:android.intent.action.MAIN+category:name:android.intent.category.LAUNCHER
ADDED from src/main/AndroidManifest.xml:166:13-170:29
action#android.intent.action.MAIN
ADDED from src/main/AndroidManifest.xml:167:17-69
	android:name
		ADDED from src/main/AndroidManifest.xml:167:25-66
category#android.intent.category.LAUNCHER
ADDED from src/main/AndroidManifest.xml:169:17-77
	android:name
		ADDED from src/main/AndroidManifest.xml:169:27-74
activity#com.example.brokerfi.xc.MedalRankingActivity
ADDED from src/main/AndroidManifest.xml:172:9-174:40
	android:exported
		ADDED from src/main/AndroidManifest.xml:174:13-37
	android:name
		ADDED from src/main/AndroidManifest.xml:173:13-52
activity#com.example.brokerfi.xc.GlobalStatsActivity
ADDED from src/main/AndroidManifest.xml:175:9-177:40
	android:exported
		ADDED from src/main/AndroidManifest.xml:177:13-37
	android:name
		ADDED from src/main/AndroidManifest.xml:176:13-51
activity#com.example.brokerfi.xc.ProofSubmissionActivity
ADDED from src/main/AndroidManifest.xml:178:9-180:40
	android:exported
		ADDED from src/main/AndroidManifest.xml:180:13-37
	android:name
		ADDED from src/main/AndroidManifest.xml:179:13-55
activity#com.example.brokerfi.xc.NFTMintingActivity
ADDED from src/main/AndroidManifest.xml:181:9-183:40
	android:exported
		ADDED from src/main/AndroidManifest.xml:183:13-37
	android:name
		ADDED from src/main/AndroidManifest.xml:182:13-50
activity#com.example.brokerfi.xc.NFTViewActivity
ADDED from src/main/AndroidManifest.xml:184:9-186:40
	android:exported
		ADDED from src/main/AndroidManifest.xml:186:13-37
	android:name
		ADDED from src/main/AndroidManifest.xml:185:13-47
activity#com.example.brokerfi.xc.ProofAndNFTActivity
ADDED from src/main/AndroidManifest.xml:187:9-189:40
	android:exported
		ADDED from src/main/AndroidManifest.xml:189:13-37
	android:name
		ADDED from src/main/AndroidManifest.xml:188:13-51
activity#com.example.brokerfi.xc.SubmissionHistoryActivity
ADDED from src/main/AndroidManifest.xml:190:9-192:40
	android:exported
		ADDED from src/main/AndroidManifest.xml:192:13-37
	android:name
		ADDED from src/main/AndroidManifest.xml:191:13-57
activity#com.example.brokerfi.xc.SubmissionDetailActivity
ADDED from src/main/AndroidManifest.xml:193:9-195:40
	android:exported
		ADDED from src/main/AndroidManifest.xml:195:13-37
	android:name
		ADDED from src/main/AndroidManifest.xml:194:13-56
activity#com.example.brokerfi.xc.MyCenterActivity
ADDED from src/main/AndroidManifest.xml:196:9-198:40
	android:exported
		ADDED from src/main/AndroidManifest.xml:198:13-37
	android:name
		ADDED from src/main/AndroidManifest.xml:197:13-48
activity#com.example.brokerfi.xc.AIAssistantActivity
ADDED from src/main/AndroidManifest.xml:199:9-202:62
	android:exported
		ADDED from src/main/AndroidManifest.xml:201:13-37
	android:configChanges
		ADDED from src/main/AndroidManifest.xml:202:13-59
	android:name
		ADDED from src/main/AndroidManifest.xml:200:13-51
provider#androidx.core.content.FileProvider
ADDED from src/main/AndroidManifest.xml:205:9-213:20
	android:grantUriPermissions
		ADDED from src/main/AndroidManifest.xml:209:13-47
	android:authorities
		ADDED from src/main/AndroidManifest.xml:207:13-68
	android:exported
		ADDED from src/main/AndroidManifest.xml:208:13-37
	android:name
		ADDED from src/main/AndroidManifest.xml:206:13-62
meta-data#android.support.FILE_PROVIDER_PATHS
ADDED from src/main/AndroidManifest.xml:210:13-212:54
	android:resource
		ADDED from src/main/AndroidManifest.xml:212:17-51
	android:name
		ADDED from src/main/AndroidManifest.xml:211:17-67
meta-data#preloaded_fonts
ADDED from src/main/AndroidManifest.xml:215:9-217:57
	android:resource
		ADDED from src/main/AndroidManifest.xml:217:13-54
	android:name
		ADDED from src/main/AndroidManifest.xml:216:13-43
uses-sdk
INJECTED from src/main/AndroidManifest.xml reason: use-sdk injection requested
INJECTED from src/main/AndroidManifest.xml
INJECTED from src/main/AndroidManifest.xml
MERGED from [com.google.android.material:material:1.8.0] AndroidManifest.xml:20:5-22:41
MERGED from [com.google.android.material:material:1.8.0] AndroidManifest.xml:20:5-22:41
MERGED from [androidx.constraintlayout:constraintlayout:2.1.4] AndroidManifest.xml:5:5-7:41
MERGED from [androidx.constraintlayout:constraintlayout:2.1.4] AndroidManifest.xml:5:5-7:41
MERGED from [androidx.appcompat:appcompat-resources:1.6.1] AndroidManifest.xml:20:5-44
MERGED from [androidx.appcompat:appcompat-resources:1.6.1] AndroidManifest.xml:20:5-44
MERGED from [androidx.appcompat:appcompat:1.6.1] AndroidManifest.xml:20:5-44
MERGED from [androidx.appcompat:appcompat:1.6.1] AndroidManifest.xml:20:5-44
MERGED from [androidx.swiperefreshlayout:swiperefreshlayout:1.1.0] AndroidManifest.xml:20:5-22:41
MERGED from [androidx.swiperefreshlayout:swiperefreshlayout:1.1.0] AndroidManifest.xml:20:5-22:41
MERGED from [androidx.cardview:cardview:1.0.0] AndroidManifest.xml:20:5-44
MERGED from [androidx.cardview:cardview:1.0.0] AndroidManifest.xml:20:5-44
MERGED from [com.journeyapps:zxing-android-embedded:4.3.0] AndroidManifest.xml:20:5-44
MERGED from [com.journeyapps:zxing-android-embedded:4.3.0] AndroidManifest.xml:20:5-44
MERGED from [com.github.bumptech.glide:glide:4.16.0] AndroidManifest.xml:5:5-7:41
MERGED from [com.github.bumptech.glide:glide:4.16.0] AndroidManifest.xml:5:5-7:41
MERGED from [com.github.PhilJay:MPAndroidChart:v3.1.0] AndroidManifest.xml:16:5-18:41
MERGED from [com.github.PhilJay:MPAndroidChart:v3.1.0] AndroidManifest.xml:16:5-18:41
MERGED from [androidx.exifinterface:exifinterface:1.3.6] AndroidManifest.xml:20:5-22:41
MERGED from [androidx.exifinterface:exifinterface:1.3.6] AndroidManifest.xml:20:5-22:41
MERGED from [androidx.viewpager2:viewpager2:1.0.0] AndroidManifest.xml:20:5-22:41
MERGED from [androidx.viewpager2:viewpager2:1.0.0] AndroidManifest.xml:20:5-22:41
MERGED from [androidx.fragment:fragment:1.3.6] AndroidManifest.xml:20:5-22:41
MERGED from [androidx.fragment:fragment:1.3.6] AndroidManifest.xml:20:5-22:41
MERGED from [androidx.activity:activity:1.6.0] AndroidManifest.xml:20:5-44
MERGED from [androidx.activity:activity:1.6.0] AndroidManifest.xml:20:5-44
MERGED from [androidx.emoji2:emoji2-views-helper:1.2.0] AndroidManifest.xml:5:5-44
MERGED from [androidx.emoji2:emoji2-views-helper:1.2.0] AndroidManifest.xml:5:5-44
MERGED from [androidx.emoji2:emoji2:1.2.0] AndroidManifest.xml:21:5-44
MERGED from [androidx.emoji2:emoji2:1.2.0] AndroidManifest.xml:21:5-44
MERGED from [androidx.drawerlayout:drawerlayout:1.1.1] AndroidManifest.xml:20:5-22:41
MERGED from [androidx.drawerlayout:drawerlayout:1.1.1] AndroidManifest.xml:20:5-22:41
MERGED from [androidx.coordinatorlayout:coordinatorlayout:1.1.0] AndroidManifest.xml:20:5-22:41
MERGED from [androidx.coordinatorlayout:coordinatorlayout:1.1.0] AndroidManifest.xml:20:5-22:41
MERGED from [androidx.dynamicanimation:dynamicanimation:1.0.0] AndroidManifest.xml:20:5-44
MERGED from [androidx.dynamicanimation:dynamicanimation:1.0.0] AndroidManifest.xml:20:5-44
MERGED from [androidx.transition:transition:1.2.0] AndroidManifest.xml:20:5-22:41
MERGED from [androidx.transition:transition:1.2.0] AndroidManifest.xml:20:5-22:41
MERGED from [androidx.vectordrawable:vectordrawable-animated:1.1.0] AndroidManifest.xml:20:5-22:41
MERGED from [androidx.vectordrawable:vectordrawable-animated:1.1.0] AndroidManifest.xml:20:5-22:41
MERGED from [androidx.vectordrawable:vectordrawable:1.1.0] AndroidManifest.xml:20:5-22:41
MERGED from [androidx.vectordrawable:vectordrawable:1.1.0] AndroidManifest.xml:20:5-22:41
MERGED from [androidx.legacy:legacy-support-core-utils:1.0.0] AndroidManifest.xml:20:5-44
MERGED from [androidx.legacy:legacy-support-core-utils:1.0.0] AndroidManifest.xml:20:5-44
MERGED from [androidx.loader:loader:1.0.0] AndroidManifest.xml:20:5-44
MERGED from [androidx.loader:loader:1.0.0] AndroidManifest.xml:20:5-44
MERGED from [androidx.lifecycle:lifecycle-viewmodel:2.5.1] AndroidManifest.xml:20:5-22:41
MERGED from [androidx.lifecycle:lifecycle-viewmodel:2.5.1] AndroidManifest.xml:20:5-22:41
MERGED from [androidx.lifecycle:lifecycle-viewmodel-savedstate:2.5.1] AndroidManifest.xml:20:5-22:41
MERGED from [androidx.lifecycle:lifecycle-viewmodel-savedstate:2.5.1] AndroidManifest.xml:20:5-22:41
MERGED from [androidx.core:core-ktx:1.9.0] AndroidManifest.xml:5:5-44
MERGED from [androidx.core:core-ktx:1.9.0] AndroidManifest.xml:5:5-44
MERGED from [androidx.viewpager:viewpager:1.0.0] AndroidManifest.xml:20:5-44
MERGED from [androidx.viewpager:viewpager:1.0.0] AndroidManifest.xml:20:5-44
MERGED from [androidx.recyclerview:recyclerview:1.1.0] AndroidManifest.xml:20:5-22:41
MERGED from [androidx.recyclerview:recyclerview:1.1.0] AndroidManifest.xml:20:5-22:41
MERGED from [androidx.customview:customview:1.1.0] AndroidManifest.xml:20:5-22:41
MERGED from [androidx.customview:customview:1.1.0] AndroidManifest.xml:20:5-22:41
MERGED from [androidx.core:core:1.9.0] AndroidManifest.xml:20:5-44
MERGED from [androidx.core:core:1.9.0] AndroidManifest.xml:20:5-44
MERGED from [androidx.cursoradapter:cursoradapter:1.0.0] AndroidManifest.xml:20:5-44
MERGED from [androidx.cursoradapter:cursoradapter:1.0.0] AndroidManifest.xml:20:5-44
MERGED from [androidx.lifecycle:lifecycle-process:2.4.1] AndroidManifest.xml:21:5-23:41
MERGED from [androidx.lifecycle:lifecycle-process:2.4.1] AndroidManifest.xml:21:5-23:41
MERGED from [androidx.lifecycle:lifecycle-runtime:2.5.1] AndroidManifest.xml:20:5-22:41
MERGED from [androidx.lifecycle:lifecycle-runtime:2.5.1] AndroidManifest.xml:20:5-22:41
MERGED from [androidx.savedstate:savedstate:1.2.0] AndroidManifest.xml:20:5-22:41
MERGED from [androidx.savedstate:savedstate:1.2.0] AndroidManifest.xml:20:5-22:41
MERGED from [androidx.interpolator:interpolator:1.0.0] AndroidManifest.xml:20:5-44
MERGED from [androidx.interpolator:interpolator:1.0.0] AndroidManifest.xml:20:5-44
MERGED from [com.github.bumptech.glide:gifdecoder:4.16.0] AndroidManifest.xml:5:5-7:41
MERGED from [com.github.bumptech.glide:gifdecoder:4.16.0] AndroidManifest.xml:5:5-7:41
MERGED from [androidx.startup:startup-runtime:1.1.1] AndroidManifest.xml:21:5-23:41
MERGED from [androidx.startup:startup-runtime:1.1.1] AndroidManifest.xml:21:5-23:41
MERGED from [androidx.tracing:tracing:1.0.0] AndroidManifest.xml:20:5-22:41
MERGED from [androidx.tracing:tracing:1.0.0] AndroidManifest.xml:20:5-22:41